<?xml version="1.0" encoding="UTF-8"?>
<Site BuildName="(empty)"
	BuildStamp="20240926-0829-Experimental"
	Name="TamsynsYoga"
	Generator="ctest-3.16.3"
	CompilerName="/usr/bin/c++"
	CompilerVersion="9.4.0"
	OSName="Linux"
	Hostname="TamsynsYoga"
	OSRelease="5.15.153.1-microsoft-standard-WSL2"
	OSVersion="#1 SMP Fri Mar 29 23:14:13 UTC 2024"
	OSPlatform="x86_64"
	Is64Bits="1"
	VendorString="GenuineIntel"
	VendorID="Intel Corporation"
	FamilyID="6"
	ModelID="186"
	ProcessorCacheSize="18432"
	NumberOfLogicalCPU="16"
	NumberOfPhysicalCPU="8"
	TotalVirtualMemory="2048"
	TotalPhysicalMemory="7808"
	LogicalProcessorsPerPhysical="2"
	ProcessorClockFrequency="2611.21"
	>
	<Testing>
		<StartDateTime>Sep 26 18:29 AEST</StartDateTime>
		<StartTestTime>1727339352</StartTestTime>
		<TestList/>
		<EndDateTime>Sep 26 18:29 AEST</EndDateTime>
		<EndTestTime>1727339352</EndTestTime>
		<ElapsedMinutes>0</ElapsedMinutes>
	</Testing>
</Site>
